[2023-09-12T18:34:59.040836+00:00] main.INFO: Item Magento_Backend::system_currency was removed [] []
[2023-09-12T18:34:59.051112+00:00] main.INFO: Add of item with id Magento_Config::system_config was processed [] []
[2023-09-12T18:34:59.051625+00:00] main.INFO: Add of item with id Magento_AdminNotification::system_adminnotification was processed [] []
[2023-09-12T18:34:59.051886+00:00] main.INFO: Add of item with id Magento_Theme::design_config was processed [] []
[2023-09-12T18:34:59.052110+00:00] main.INFO: Add of item with id Magento_Theme::system_design_theme was processed [] []
[2023-09-12T18:34:59.052323+00:00] main.INFO: Add of item with id Magento_Backend::system_design_schedule was processed [] []
[2023-09-12T18:34:59.052534+00:00] main.INFO: Add of item with id Magento_Backend::system_store was processed [] []
[2023-09-12T18:34:59.052743+00:00] main.INFO: Add of item with id Magento_Backend::dashboard was processed [] []
[2023-09-12T18:34:59.052950+00:00] main.INFO: Add of item with id Magento_Backend::system was processed [] []
[2023-09-12T18:34:59.053170+00:00] main.INFO: Add of item with id Magento_Backend::system_tools was processed [] []
[2023-09-12T18:34:59.053391+00:00] main.INFO: Add of item with id Magento_Backend::system_design was processed [] []
[2023-09-12T18:34:59.053603+00:00] main.INFO: Add of item with id Magento_Backend::system_convert was processed [] []
[2023-09-12T18:34:59.053821+00:00] main.INFO: Add of item with id Magento_Backend::system_cache was processed [] []
[2023-09-12T18:34:59.054036+00:00] main.INFO: Add of item with id Magento_Backend::marketing was processed [] []
[2023-09-12T18:34:59.054254+00:00] main.INFO: Add of item with id Magento_Backend::marketing_communications was processed [] []
[2023-09-12T18:34:59.054467+00:00] main.INFO: Add of item with id Magento_Backend::marketing_seo was processed [] []
[2023-09-12T18:34:59.054677+00:00] main.INFO: Add of item with id Magento_Backend::marketing_user_content was processed [] []
[2023-09-12T18:34:59.054857+00:00] main.INFO: Add of item with id Magento_Backend::content was processed [] []
[2023-09-12T18:34:59.055036+00:00] main.INFO: Add of item with id Magento_Backend::content_elements was processed [] []
[2023-09-12T18:34:59.055222+00:00] main.INFO: Add of item with id Magento_Backend::stores was processed [] []
[2023-09-12T18:34:59.055412+00:00] main.INFO: Add of item with id Magento_Backend::stores_settings was processed [] []
[2023-09-12T18:34:59.055595+00:00] main.INFO: Add of item with id Magento_Backend::stores_attributes was processed [] []
[2023-09-12T18:34:59.055773+00:00] main.INFO: Add of item with id Magento_Backend::other_settings was processed [] []
[2023-09-12T18:34:59.055958+00:00] main.INFO: Add of item with id Magento_Backend::system_other_settings was processed [] []
[2023-09-12T18:34:59.056138+00:00] main.INFO: Add of item with id Magento_User::system_acl was processed [] []
[2023-09-12T18:34:59.056576+00:00] main.INFO: Add of item with id Magento_User::system_acl_users was processed [] []
[2023-09-12T18:34:59.056781+00:00] main.INFO: Add of item with id Magento_User::system_acl_roles was processed [] []
[2023-09-12T18:34:59.056974+00:00] main.INFO: Add of item with id Magento_User::system_acl_locks was processed [] []
[2023-09-12T18:34:59.057164+00:00] main.INFO: Add of item with id Magento_Customer::customer was processed [] []
[2023-09-12T18:34:59.057363+00:00] main.INFO: Add of item with id Magento_Customer::customer_manage was processed [] []
[2023-09-12T18:34:59.057555+00:00] main.INFO: Add of item with id Magento_Customer::customer_online was processed [] []
[2023-09-12T18:34:59.057739+00:00] main.INFO: Add of item with id Magento_Customer::customer_group was processed [] []
[2023-09-12T18:34:59.057926+00:00] main.INFO: Add of item with id Magento_Backup::system_tools_backup was processed [] []
[2023-09-12T18:34:59.058112+00:00] main.INFO: Add of item with id Magento_Indexer::system_index was processed [] []
[2023-09-12T18:34:59.058296+00:00] main.INFO: Add of item with id Magento_Variable::system_variable was processed [] []
[2023-09-12T18:34:59.058496+00:00] main.INFO: Add of item with id Magento_Cms::cms_page was processed [] []
[2023-09-12T18:34:59.058687+00:00] main.INFO: Add of item with id Magento_Cms::cms_block was processed [] []
[2023-09-12T18:34:59.058881+00:00] main.INFO: Add of item with id Magento_Search::search_terms was processed [] []
[2023-09-12T18:34:59.059067+00:00] main.INFO: Add of item with id Magento_Search::search_synonyms was processed [] []
[2023-09-12T18:34:59.059335+00:00] main.INFO: Add of item with id Magento_Catalog::catalog was processed [] []
[2023-09-12T18:34:59.059651+00:00] main.INFO: Add of item with id Magento_Catalog::catalog_products was processed [] []
[2023-09-12T18:34:59.059848+00:00] main.INFO: Add of item with id Magento_Catalog::catalog_categories was processed [] []
[2023-09-12T18:34:59.060055+00:00] main.INFO: Add of item with id Magento_Catalog::catalog_attributes_attributes was processed [] []
[2023-09-12T18:34:59.060246+00:00] main.INFO: Add of item with id Magento_Catalog::catalog_attributes_sets was processed [] []
[2023-09-12T18:34:59.060439+00:00] main.INFO: Add of item with id Magento_Catalog::inventory was processed [] []
[2023-09-12T18:34:59.060628+00:00] main.INFO: Add of item with id Magento_CatalogRule::promo was processed [] []
[2023-09-12T18:34:59.060817+00:00] main.INFO: Add of item with id Magento_CatalogRule::promo_catalog was processed [] []
[2023-09-12T18:34:59.061001+00:00] main.INFO: Add of item with id Magento_MediaGalleryUi::media was processed [] []
[2023-09-12T18:34:59.061188+00:00] main.INFO: Add of item with id Magento_MediaGalleryUi::media_gallery was processed [] []
[2023-09-12T18:34:59.061371+00:00] main.INFO: Add of item with id Magento_Integration::system_extensions was processed [] []
[2023-09-12T18:34:59.061560+00:00] main.INFO: Add of item with id Magento_Integration::system_integrations was processed [] []
[2023-09-12T18:34:59.061743+00:00] main.INFO: Add of item with id Magento_Sales::sales was processed [] []
[2023-09-12T18:34:59.061933+00:00] main.INFO: Add of item with id Magento_Sales::sales_operation was processed [] []
[2023-09-12T18:34:59.062122+00:00] main.INFO: Add of item with id Magento_Sales::sales_order was processed [] []
[2023-09-12T18:34:59.062305+00:00] main.INFO: Add of item with id Magento_Sales::sales_invoice was processed [] []
[2023-09-12T18:34:59.062486+00:00] main.INFO: Add of item with id Magento_Sales::sales_shipment was processed [] []
[2023-09-12T18:34:59.062665+00:00] main.INFO: Add of item with id Magento_Sales::sales_creditmemo was processed [] []
[2023-09-12T18:34:59.062843+00:00] main.INFO: Add of item with id Magento_Sales::sales_transactions was processed [] []
[2023-09-12T18:34:59.063028+00:00] main.INFO: Add of item with id Magento_Sales::system_order_statuses was processed [] []
[2023-09-12T18:34:59.063219+00:00] main.INFO: Add of item with id Magento_Widget::cms_widget_instance was processed [] []
[2023-09-12T18:34:59.063414+00:00] main.INFO: Add of item with id Magento_Analytics::business_intelligence was processed [] []
[2023-09-12T18:34:59.063608+00:00] main.INFO: Add of item with id Magento_Analytics::advanced_reporting was processed [] []
[2023-09-12T18:34:59.063797+00:00] main.INFO: Add of item with id Magento_Analytics::bi_essentials was processed [] []
[2023-09-12T18:34:59.063995+00:00] main.INFO: Add of item with id Magento_Downloadable::report_products_downloads was processed [] []
[2023-09-12T18:34:59.064194+00:00] main.INFO: Add of item with id Magento_ImportExport::system_convert_import was processed [] []
[2023-09-12T18:34:59.064381+00:00] main.INFO: Add of item with id Magento_ImportExport::system_convert_export was processed [] []
[2023-09-12T18:34:59.064566+00:00] main.INFO: Add of item with id Magento_ImportExport::system_convert_history was processed [] []
[2023-09-12T18:34:59.064772+00:00] main.INFO: Add of item with id Magento_Email::template was processed [] []
[2023-09-12T18:34:59.064961+00:00] main.INFO: Add of item with id Magento_EncryptionKey::system_crypt_key was processed [] []
[2023-09-12T18:34:59.065154+00:00] main.INFO: Add of item with id Magento_InventoryAdminUi::inventory was processed [] []
[2023-09-12T18:34:59.065347+00:00] main.INFO: Add of item with id Magento_InventoryAdminUi::source was processed [] []
[2023-09-12T18:34:59.065546+00:00] main.INFO: Add of item with id Magento_InventoryAdminUi::stock was processed [] []
[2023-09-12T18:34:59.065742+00:00] main.INFO: Add of item with id Magento_Reports::report was processed [] []
[2023-09-12T18:34:59.065957+00:00] main.INFO: Add of item with id Magento_Reports::report_marketing was processed [] []
[2023-09-12T18:34:59.066148+00:00] main.INFO: Add of item with id Magento_Reports::report_salesroot was processed [] []
[2023-09-12T18:34:59.066349+00:00] main.INFO: Add of item with id Magento_Reports::report_salesroot_sales was processed [] []
[2023-09-12T18:34:59.066551+00:00] main.INFO: Add of item with id Magento_Reports::report_salesroot_tax was processed [] []
[2023-09-12T18:34:59.066743+00:00] main.INFO: Add of item with id Magento_Reports::report_salesroot_invoiced was processed [] []
[2023-09-12T18:34:59.066933+00:00] main.INFO: Add of item with id Magento_Reports::report_salesroot_shipping was processed [] []
[2023-09-12T18:34:59.067118+00:00] main.INFO: Add of item with id Magento_Reports::report_salesroot_refunded was processed [] []
[2023-09-12T18:34:59.067309+00:00] main.INFO: Add of item with id Magento_Reports::report_salesroot_coupons was processed [] []
[2023-09-12T18:34:59.067504+00:00] main.INFO: Add of item with id Magento_Reports::report_shopcart_product was processed [] []
[2023-09-12T18:34:59.067690+00:00] main.INFO: Add of item with id Magento_Reports::report_shopcart_abandoned was processed [] []
[2023-09-12T18:34:59.067869+00:00] main.INFO: Add of item with id Magento_Reports::report_products was processed [] []
[2023-09-12T18:34:59.068046+00:00] main.INFO: Add of item with id Magento_Reports::report_products_bestsellers was processed [] []
[2023-09-12T18:34:59.068225+00:00] main.INFO: Add of item with id Magento_Reports::report_products_sold was processed [] []
[2023-09-12T18:34:59.068396+00:00] main.INFO: Add of item with id Magento_Reports::report_products_viewed was processed [] []
[2023-09-12T18:34:59.068574+00:00] main.INFO: Add of item with id Magento_Reports::report_products_lowstock was processed [] []
[2023-09-12T18:34:59.068750+00:00] main.INFO: Add of item with id Magento_Reports::report_customers was processed [] []
[2023-09-12T18:34:59.068929+00:00] main.INFO: Add of item with id Magento_Reports::report_customers_accounts was processed [] []
[2023-09-12T18:34:59.069106+00:00] main.INFO: Add of item with id Magento_Reports::report_customers_totals was processed [] []
[2023-09-12T18:34:59.069281+00:00] main.INFO: Add of item with id Magento_Reports::report_customers_orders was processed [] []
[2023-09-12T18:34:59.069449+00:00] main.INFO: Add of item with id Magento_Reports::report_statistics was processed [] []
[2023-09-12T18:34:59.069625+00:00] main.INFO: Add of item with id Magento_Reports::report_statistics_refresh was processed [] []
[2023-09-12T18:34:59.069795+00:00] main.INFO: Add of item with id Magento_Search::report_search_term was processed [] []
[2023-09-12T18:34:59.069963+00:00] main.INFO: Add of item with id Magento_LoginAsCustomerLog::login_log was processed [] []
[2023-09-12T18:34:59.070130+00:00] main.INFO: Add of item with id Magento_Marketplace::partners was processed [] []
[2023-09-12T18:34:59.070297+00:00] main.INFO: Add of item with id Magento_Newsletter::newsletter_template was processed [] []
[2023-09-12T18:34:59.070464+00:00] main.INFO: Add of item with id Magento_Newsletter::newsletter_queue was processed [] []
[2023-09-12T18:34:59.070631+00:00] main.INFO: Add of item with id Magento_Newsletter::newsletter_subscriber was processed [] []
[2023-09-12T18:34:59.070796+00:00] main.INFO: Add of item with id Magento_Newsletter::newsletter_problem was processed [] []
[2023-09-12T18:34:59.070963+00:00] main.INFO: Add of item with id Magento_SalesRule::promo_quote was processed [] []
[2023-09-12T18:34:59.071133+00:00] main.INFO: Add of item with id Magento_Sitemap::catalog_sitemap was processed [] []
[2023-09-12T18:34:59.071308+00:00] main.INFO: Add of item with id Magento_PageBuilder::templates was processed [] []
[2023-09-12T18:34:59.071476+00:00] main.INFO: Add of item with id Magento_Paypal::report_salesroot_paypal_settlement_reports was processed [] []
[2023-09-12T18:34:59.071655+00:00] main.INFO: Add of item with id Magento_Paypal::paypal_billing_agreement was processed [] []
[2023-09-12T18:34:59.071846+00:00] main.INFO: Add of item with id Magento_CheckoutAgreements::sales_checkoutagreement was processed [] []
[2023-09-12T18:34:59.072103+00:00] main.INFO: Add of item with id Magento_Review::catalog_reviews_ratings_ratings was processed [] []
[2023-09-12T18:34:59.072311+00:00] main.INFO: Add of item with id Magento_Review::catalog_reviews_ratings_pending was processed [] []
[2023-09-12T18:34:59.072508+00:00] main.INFO: Add of item with id Magento_Review::catalog_reviews_ratings_reviews_all was processed [] []
[2023-09-12T18:34:59.072699+00:00] main.INFO: Add of item with id Magento_Review::report_review was processed [] []
[2023-09-12T18:34:59.072901+00:00] main.INFO: Add of item with id Magento_Review::report_review_customer was processed [] []
[2023-09-12T18:34:59.073094+00:00] main.INFO: Add of item with id Magento_Review::report_review_product was processed [] []
[2023-09-12T18:34:59.073287+00:00] main.INFO: Add of item with id Magento_UrlRewrite::urlrewrite was processed [] []
[2023-09-12T18:34:59.073477+00:00] main.INFO: Add of item with id Magento_Tax::sales_tax was processed [] []
[2023-09-12T18:34:59.073676+00:00] main.INFO: Add of item with id Magento_Tax::sales_tax_rules was processed [] []
[2023-09-12T18:34:59.073870+00:00] main.INFO: Add of item with id Magento_Tax::sales_tax_rates was processed [] []
[2023-09-12T18:34:59.074060+00:00] main.INFO: Add of item with id Magento_TaxImportExport::system_convert_tax was processed [] []
[2023-09-12T18:34:59.074247+00:00] main.INFO: Add of item with id Magento_AsynchronousOperations::system_magento_logging was processed [] []
[2023-09-12T18:34:59.074448+00:00] main.INFO: Add of item with id Magento_AsynchronousOperations::system_magento_logging_bulk_operations was processed [] []
[2023-09-12T18:34:59.074633+00:00] main.INFO: Add of item with id Magento_CurrencySymbol::system_currency was processed [] []
[2023-09-12T18:34:59.074823+00:00] main.INFO: Add of item with id Magento_CurrencySymbol::system_currency_rates was processed [] []
[2023-09-12T18:34:59.075005+00:00] main.INFO: Add of item with id Magento_CurrencySymbol::system_currency_symbols was processed [] []
[2023-09-12T18:34:59.075191+00:00] main.INFO: Add of item with id PayPal_Braintree::settlement_report was processed [] []
[2023-09-12T18:34:59.075383+00:00] main.INFO: Add of item with id PayPal_Braintree::virtual_terminal was processed [] []
[2023-09-12T18:42:02.201839+00:00] main.ERROR: Sample Data error: Warning: file_get_contents(/home/anandhu/Documents/Magento/magento2/pub/media/downloadable/files/links/l/u/luma_background_-_model_against_fence_4_sec_.mp4): Failed to open stream: No such file or directory in /home/anandhu/Documents/Magento/magento2/vendor/magento/module-downloadable-sample-data/Model/Product/Converter.php on line 132 [] []
[2023-09-12T18:43:04.459124+00:00] main.WARNING: Memory size allocated for the temporary table is more than 20% of innodb_buffer_pool_size. Please update innodb_buffer_pool_size or decrease batch size value (which decreases memory usages for the temporary table). Current batch size: 100000; Allocated memory size: 50000000 bytes; InnoDB buffer pool size: 134217728 bytes. [] []
[2023-09-12T18:43:04.514497+00:00] main.WARNING: Memory size allocated for the temporary table is more than 20% of innodb_buffer_pool_size. Please update innodb_buffer_pool_size or decrease batch size value (which decreases memory usages for the temporary table). Current batch size: 100000; Allocated memory size: 50000000 bytes; InnoDB buffer pool size: 134217728 bytes. [] []
[2023-09-12T18:43:04.579974+00:00] main.WARNING: Memory size allocated for the temporary table is more than 20% of innodb_buffer_pool_size. Please update innodb_buffer_pool_size or decrease batch size value (which decreases memory usages for the temporary table). Current batch size: 100000; Allocated memory size: 50000000 bytes; InnoDB buffer pool size: 134217728 bytes. [] []
[2023-09-12T18:43:05.008566+00:00] main.WARNING: Memory size allocated for the temporary table is more than 20% of innodb_buffer_pool_size. Please update innodb_buffer_pool_size or decrease batch size value (which decreases memory usages for the temporary table). Current batch size: 100000; Allocated memory size: 50000000 bytes; InnoDB buffer pool size: 134217728 bytes. [] []
[2023-09-12T18:43:05.077586+00:00] main.WARNING: Memory size allocated for the temporary table is more than 20% of innodb_buffer_pool_size. Please update innodb_buffer_pool_size or decrease batch size value (which decreases memory usages for the temporary table). Current batch size: 100000; Allocated memory size: 50000000 bytes; InnoDB buffer pool size: 134217728 bytes. [] []
[2023-09-12T18:43:05.163933+00:00] main.WARNING: Memory size allocated for the temporary table is more than 20% of innodb_buffer_pool_size. Please update innodb_buffer_pool_size or decrease batch size value (which decreases memory usages for the temporary table). Current batch size: 100000; Allocated memory size: 50000000 bytes; InnoDB buffer pool size: 134217728 bytes. [] []
[2023-09-12T18:43:16.035716+00:00] main.WARNING: Memory size allocated for the temporary table is more than 20% of innodb_buffer_pool_size. Please update innodb_buffer_pool_size or decrease batch size value (which decreases memory usages for the temporary table). Current batch size: 3334; Allocated memory size: 40008000 bytes; InnoDB buffer pool size: 134217728 bytes. [] []
[2023-09-13T16:57:29.106890+00:00] main.WARNING: Memory size allocated for the temporary table is more than 20% of innodb_buffer_pool_size. Please update innodb_buffer_pool_size or decrease batch size value (which decreases memory usages for the temporary table). Current batch size: 100000; Allocated memory size: 50000000 bytes; InnoDB buffer pool size: 134217728 bytes. [] []
[2023-09-13T16:57:29.245391+00:00] main.WARNING: Memory size allocated for the temporary table is more than 20% of innodb_buffer_pool_size. Please update innodb_buffer_pool_size or decrease batch size value (which decreases memory usages for the temporary table). Current batch size: 100000; Allocated memory size: 50000000 bytes; InnoDB buffer pool size: 134217728 bytes. [] []
[2023-09-13T16:57:29.392489+00:00] main.WARNING: Memory size allocated for the temporary table is more than 20% of innodb_buffer_pool_size. Please update innodb_buffer_pool_size or decrease batch size value (which decreases memory usages for the temporary table). Current batch size: 100000; Allocated memory size: 50000000 bytes; InnoDB buffer pool size: 134217728 bytes. [] []
[2023-09-13T16:57:29.871753+00:00] main.WARNING: Memory size allocated for the temporary table is more than 20% of innodb_buffer_pool_size. Please update innodb_buffer_pool_size or decrease batch size value (which decreases memory usages for the temporary table). Current batch size: 100000; Allocated memory size: 50000000 bytes; InnoDB buffer pool size: 134217728 bytes. [] []
[2023-09-13T16:57:29.989043+00:00] main.WARNING: Memory size allocated for the temporary table is more than 20% of innodb_buffer_pool_size. Please update innodb_buffer_pool_size or decrease batch size value (which decreases memory usages for the temporary table). Current batch size: 100000; Allocated memory size: 50000000 bytes; InnoDB buffer pool size: 134217728 bytes. [] []
[2023-09-13T16:57:30.125536+00:00] main.WARNING: Memory size allocated for the temporary table is more than 20% of innodb_buffer_pool_size. Please update innodb_buffer_pool_size or decrease batch size value (which decreases memory usages for the temporary table). Current batch size: 100000; Allocated memory size: 50000000 bytes; InnoDB buffer pool size: 134217728 bytes. [] []
[2023-09-13T16:57:51.357391+00:00] main.WARNING: Memory size allocated for the temporary table is more than 20% of innodb_buffer_pool_size. Please update innodb_buffer_pool_size or decrease batch size value (which decreases memory usages for the temporary table). Current batch size: 3334; Allocated memory size: 40008000 bytes; InnoDB buffer pool size: 134217728 bytes. [] []
[2023-09-13T17:41:11.767765+00:00] main.WARNING: Memory size allocated for the temporary table is more than 20% of innodb_buffer_pool_size. Please update innodb_buffer_pool_size or decrease batch size value (which decreases memory usages for the temporary table). Current batch size: 100000; Allocated memory size: 50000000 bytes; InnoDB buffer pool size: 134217728 bytes. [] []
[2023-09-13T17:41:11.843645+00:00] main.WARNING: Memory size allocated for the temporary table is more than 20% of innodb_buffer_pool_size. Please update innodb_buffer_pool_size or decrease batch size value (which decreases memory usages for the temporary table). Current batch size: 100000; Allocated memory size: 50000000 bytes; InnoDB buffer pool size: 134217728 bytes. [] []
[2023-09-13T17:41:11.929634+00:00] main.WARNING: Memory size allocated for the temporary table is more than 20% of innodb_buffer_pool_size. Please update innodb_buffer_pool_size or decrease batch size value (which decreases memory usages for the temporary table). Current batch size: 100000; Allocated memory size: 50000000 bytes; InnoDB buffer pool size: 134217728 bytes. [] []
[2023-09-13T17:41:12.301047+00:00] main.WARNING: Memory size allocated for the temporary table is more than 20% of innodb_buffer_pool_size. Please update innodb_buffer_pool_size or decrease batch size value (which decreases memory usages for the temporary table). Current batch size: 100000; Allocated memory size: 50000000 bytes; InnoDB buffer pool size: 134217728 bytes. [] []
[2023-09-13T17:41:12.362669+00:00] main.WARNING: Memory size allocated for the temporary table is more than 20% of innodb_buffer_pool_size. Please update innodb_buffer_pool_size or decrease batch size value (which decreases memory usages for the temporary table). Current batch size: 100000; Allocated memory size: 50000000 bytes; InnoDB buffer pool size: 134217728 bytes. [] []
[2023-09-13T17:41:12.438836+00:00] main.WARNING: Memory size allocated for the temporary table is more than 20% of innodb_buffer_pool_size. Please update innodb_buffer_pool_size or decrease batch size value (which decreases memory usages for the temporary table). Current batch size: 100000; Allocated memory size: 50000000 bytes; InnoDB buffer pool size: 134217728 bytes. [] []
[2023-09-13T17:41:18.153695+00:00] main.WARNING: Memory size allocated for the temporary table is more than 20% of innodb_buffer_pool_size. Please update innodb_buffer_pool_size or decrease batch size value (which decreases memory usages for the temporary table). Current batch size: 3334; Allocated memory size: 40008000 bytes; InnoDB buffer pool size: 134217728 bytes. [] []
[2023-09-13T17:44:44.459396+00:00] main.INFO: Item Magento_Backend::system_currency was removed [] []
[2023-09-13T17:44:44.464623+00:00] main.INFO: Add of item with id Magento_Config::system_config was processed [] []
[2023-09-13T17:44:44.464954+00:00] main.INFO: Add of item with id Magento_AdminNotification::system_adminnotification was processed [] []
[2023-09-13T17:44:44.465156+00:00] main.INFO: Add of item with id Magento_Theme::design_config was processed [] []
[2023-09-13T17:44:44.465348+00:00] main.INFO: Add of item with id Magento_Theme::system_design_theme was processed [] []
[2023-09-13T17:44:44.465531+00:00] main.INFO: Add of item with id Magento_Backend::system_design_schedule was processed [] []
[2023-09-13T17:44:44.465713+00:00] main.INFO: Add of item with id Magento_Backend::system_store was processed [] []
[2023-09-13T17:44:44.465895+00:00] main.INFO: Add of item with id Magento_Backend::dashboard was processed [] []
[2023-09-13T17:44:44.466076+00:00] main.INFO: Add of item with id Magento_Backend::system was processed [] []
[2023-09-13T17:44:44.466281+00:00] main.INFO: Add of item with id Magento_Backend::system_tools was processed [] []
[2023-09-13T17:44:44.466472+00:00] main.INFO: Add of item with id Magento_Backend::system_design was processed [] []
[2023-09-13T17:44:44.466655+00:00] main.INFO: Add of item with id Magento_Backend::system_convert was processed [] []
[2023-09-13T17:44:44.466844+00:00] main.INFO: Add of item with id Magento_Backend::system_cache was processed [] []
[2023-09-13T17:44:44.467063+00:00] main.INFO: Add of item with id Magento_Backend::marketing was processed [] []
[2023-09-13T17:44:44.467254+00:00] main.INFO: Add of item with id Magento_Backend::marketing_communications was processed [] []
[2023-09-13T17:44:44.467438+00:00] main.INFO: Add of item with id Magento_Backend::marketing_seo was processed [] []
[2023-09-13T17:44:44.467630+00:00] main.INFO: Add of item with id Magento_Backend::marketing_user_content was processed [] []
[2023-09-13T17:44:44.467814+00:00] main.INFO: Add of item with id Magento_Backend::content was processed [] []
[2023-09-13T17:44:44.467995+00:00] main.INFO: Add of item with id Magento_Backend::content_elements was processed [] []
[2023-09-13T17:44:44.468183+00:00] main.INFO: Add of item with id Magento_Backend::stores was processed [] []
[2023-09-13T17:44:44.468373+00:00] main.INFO: Add of item with id Magento_Backend::stores_settings was processed [] []
[2023-09-13T17:44:44.468558+00:00] main.INFO: Add of item with id Magento_Backend::stores_attributes was processed [] []
[2023-09-13T17:44:44.468741+00:00] main.INFO: Add of item with id Magento_Backend::other_settings was processed [] []
[2023-09-13T17:44:44.468922+00:00] main.INFO: Add of item with id Magento_Backend::system_other_settings was processed [] []
[2023-09-13T17:44:44.469103+00:00] main.INFO: Add of item with id Magento_User::system_acl was processed [] []
[2023-09-13T17:44:44.469292+00:00] main.INFO: Add of item with id Magento_User::system_acl_users was processed [] []
[2023-09-13T17:44:44.469481+00:00] main.INFO: Add of item with id Magento_User::system_acl_roles was processed [] []
[2023-09-13T17:44:44.469664+00:00] main.INFO: Add of item with id Magento_User::system_acl_locks was processed [] []
[2023-09-13T17:44:44.469844+00:00] main.INFO: Add of item with id Magento_Customer::customer was processed [] []
[2023-09-13T17:44:44.470034+00:00] main.INFO: Add of item with id Magento_Customer::customer_manage was processed [] []
[2023-09-13T17:44:44.470217+00:00] main.INFO: Add of item with id Magento_Customer::customer_online was processed [] []
[2023-09-13T17:44:44.470398+00:00] main.INFO: Add of item with id Magento_Customer::customer_group was processed [] []
[2023-09-13T17:44:44.470578+00:00] main.INFO: Add of item with id Magento_Backup::system_tools_backup was processed [] []
[2023-09-13T17:44:44.470760+00:00] main.INFO: Add of item with id Magento_Indexer::system_index was processed [] []
[2023-09-13T17:44:44.470945+00:00] main.INFO: Add of item with id Magento_Variable::system_variable was processed [] []
[2023-09-13T17:44:44.471135+00:00] main.INFO: Add of item with id Magento_Cms::cms_page was processed [] []
[2023-09-13T17:44:44.471319+00:00] main.INFO: Add of item with id Magento_Cms::cms_block was processed [] []
[2023-09-13T17:44:44.471501+00:00] main.INFO: Add of item with id Magento_Catalog::catalog was processed [] []
[2023-09-13T17:44:44.471698+00:00] main.INFO: Add of item with id Magento_Catalog::catalog_products was processed [] []
[2023-09-13T17:44:44.471882+00:00] main.INFO: Add of item with id Magento_Catalog::catalog_categories was processed [] []
[2023-09-13T17:44:44.472072+00:00] main.INFO: Add of item with id Magento_Catalog::catalog_attributes_attributes was processed [] []
[2023-09-13T17:44:44.472258+00:00] main.INFO: Add of item with id Magento_Catalog::catalog_attributes_sets was processed [] []
[2023-09-13T17:44:44.472448+00:00] main.INFO: Add of item with id Magento_Catalog::inventory was processed [] []
[2023-09-13T17:44:44.472640+00:00] main.INFO: Add of item with id Magento_Search::search_terms was processed [] []
[2023-09-13T17:44:44.472840+00:00] main.INFO: Add of item with id Magento_Search::search_synonyms was processed [] []
[2023-09-13T17:44:44.473022+00:00] main.INFO: Add of item with id Magento_CatalogRule::promo was processed [] []
[2023-09-13T17:44:44.473209+00:00] main.INFO: Add of item with id Magento_CatalogRule::promo_catalog was processed [] []
[2023-09-13T17:44:44.473393+00:00] main.INFO: Add of item with id Magento_Sales::sales was processed [] []
[2023-09-13T17:44:44.473587+00:00] main.INFO: Add of item with id Magento_Sales::sales_operation was processed [] []
[2023-09-13T17:44:44.473778+00:00] main.INFO: Add of item with id Magento_Sales::sales_order was processed [] []
[2023-09-13T17:44:44.473964+00:00] main.INFO: Add of item with id Magento_Sales::sales_invoice was processed [] []
[2023-09-13T17:44:44.474146+00:00] main.INFO: Add of item with id Magento_Sales::sales_shipment was processed [] []
[2023-09-13T17:44:44.474327+00:00] main.INFO: Add of item with id Magento_Sales::sales_creditmemo was processed [] []
[2023-09-13T17:44:44.474511+00:00] main.INFO: Add of item with id Magento_Sales::sales_transactions was processed [] []
[2023-09-13T17:44:44.474695+00:00] main.INFO: Add of item with id Magento_Sales::system_order_statuses was processed [] []
[2023-09-13T17:44:44.474876+00:00] main.INFO: Add of item with id Magento_MediaGalleryUi::media was processed [] []
[2023-09-13T17:44:44.475068+00:00] main.INFO: Add of item with id Magento_MediaGalleryUi::media_gallery was processed [] []
[2023-09-13T17:44:44.475266+00:00] main.INFO: Add of item with id Magento_Downloadable::report_products_downloads was processed [] []
[2023-09-13T17:44:44.475450+00:00] main.INFO: Add of item with id Magento_Integration::system_extensions was processed [] []
[2023-09-13T17:44:44.475686+00:00] main.INFO: Add of item with id Magento_Integration::system_integrations was processed [] []
[2023-09-13T17:44:44.475905+00:00] main.INFO: Add of item with id Magento_UrlRewrite::urlrewrite was processed [] []
[2023-09-13T17:44:44.476088+00:00] main.INFO: Add of item with id Magento_Tax::sales_tax was processed [] []
[2023-09-13T17:44:44.476278+00:00] main.INFO: Add of item with id Magento_Tax::sales_tax_rules was processed [] []
[2023-09-13T17:44:44.476462+00:00] main.INFO: Add of item with id Magento_Tax::sales_tax_rates was processed [] []
[2023-09-13T17:44:44.476643+00:00] main.INFO: Add of item with id Magento_Widget::cms_widget_instance was processed [] []
[2023-09-13T17:44:44.476832+00:00] main.INFO: Add of item with id Magento_Analytics::business_intelligence was processed [] []
[2023-09-13T17:44:44.477023+00:00] main.INFO: Add of item with id Magento_Analytics::advanced_reporting was processed [] []
[2023-09-13T17:44:44.477207+00:00] main.INFO: Add of item with id Magento_Analytics::bi_essentials was processed [] []
[2023-09-13T17:44:44.477398+00:00] main.INFO: Add of item with id Magento_ImportExport::system_convert_import was processed [] []
[2023-09-13T17:44:44.477586+00:00] main.INFO: Add of item with id Magento_ImportExport::system_convert_export was processed [] []
[2023-09-13T17:44:44.477771+00:00] main.INFO: Add of item with id Magento_ImportExport::system_convert_history was processed [] []
[2023-09-13T17:44:44.477962+00:00] main.INFO: Add of item with id Magento_Email::template was processed [] []
[2023-09-13T17:44:44.478152+00:00] main.INFO: Add of item with id Magento_EncryptionKey::system_crypt_key was processed [] []
[2023-09-13T17:44:44.478371+00:00] main.INFO: Add of item with id Magento_InventoryAdminUi::inventory was processed [] []
[2023-09-13T17:44:44.478568+00:00] main.INFO: Add of item with id Magento_InventoryAdminUi::source was processed [] []
[2023-09-13T17:44:44.478758+00:00] main.INFO: Add of item with id Magento_InventoryAdminUi::stock was processed [] []
[2023-09-13T17:44:44.478942+00:00] main.INFO: Add of item with id Magento_Reports::report was processed [] []
[2023-09-13T17:44:44.479168+00:00] main.INFO: Add of item with id Magento_Reports::report_marketing was processed [] []
[2023-09-13T17:44:44.479376+00:00] main.INFO: Add of item with id Magento_Reports::report_salesroot was processed [] []
[2023-09-13T17:44:44.479609+00:00] main.INFO: Add of item with id Magento_Reports::report_salesroot_sales was processed [] []
[2023-09-13T17:44:44.479803+00:00] main.INFO: Add of item with id Magento_Reports::report_salesroot_tax was processed [] []
[2023-09-13T17:44:44.479986+00:00] main.INFO: Add of item with id Magento_Reports::report_salesroot_invoiced was processed [] []
[2023-09-13T17:44:44.480167+00:00] main.INFO: Add of item with id Magento_Reports::report_salesroot_shipping was processed [] []
[2023-09-13T17:44:44.480348+00:00] main.INFO: Add of item with id Magento_Reports::report_salesroot_refunded was processed [] []
[2023-09-13T17:44:44.480529+00:00] main.INFO: Add of item with id Magento_Reports::report_salesroot_coupons was processed [] []
[2023-09-13T17:44:44.480719+00:00] main.INFO: Add of item with id Magento_Reports::report_shopcart_product was processed [] []
[2023-09-13T17:44:44.480906+00:00] main.INFO: Add of item with id Magento_Reports::report_shopcart_abandoned was processed [] []
[2023-09-13T17:44:44.481088+00:00] main.INFO: Add of item with id Magento_Reports::report_products was processed [] []
[2023-09-13T17:44:44.481273+00:00] main.INFO: Add of item with id Magento_Reports::report_products_bestsellers was processed [] []
[2023-09-13T17:44:44.481456+00:00] main.INFO: Add of item with id Magento_Reports::report_products_sold was processed [] []
[2023-09-13T17:44:44.481651+00:00] main.INFO: Add of item with id Magento_Reports::report_products_viewed was processed [] []
[2023-09-13T17:44:44.481835+00:00] main.INFO: Add of item with id Magento_Reports::report_products_lowstock was processed [] []
[2023-09-13T17:44:44.482019+00:00] main.INFO: Add of item with id Magento_Reports::report_customers was processed [] []
[2023-09-13T17:44:44.482215+00:00] main.INFO: Add of item with id Magento_Reports::report_customers_accounts was processed [] []
[2023-09-13T17:44:44.482405+00:00] main.INFO: Add of item with id Magento_Reports::report_customers_totals was processed [] []
[2023-09-13T17:44:44.482588+00:00] main.INFO: Add of item with id Magento_Reports::report_customers_orders was processed [] []
[2023-09-13T17:44:44.482774+00:00] main.INFO: Add of item with id Magento_Reports::report_statistics was processed [] []
[2023-09-13T17:44:44.482966+00:00] main.INFO: Add of item with id Magento_Reports::report_statistics_refresh was processed [] []
[2023-09-13T17:44:44.483157+00:00] main.INFO: Add of item with id Magento_Search::report_search_term was processed [] []
[2023-09-13T17:44:44.483346+00:00] main.INFO: Add of item with id Magento_LoginAsCustomerLog::login_log was processed [] []
[2023-09-13T17:44:44.483644+00:00] main.INFO: Add of item with id Magento_Marketplace::partners was processed [] []
[2023-09-13T17:44:44.483928+00:00] main.INFO: Add of item with id Magento_Newsletter::newsletter_template was processed [] []
[2023-09-13T17:44:44.484150+00:00] main.INFO: Add of item with id Magento_Newsletter::newsletter_queue was processed [] []
[2023-09-13T17:44:44.484448+00:00] main.INFO: Add of item with id Magento_Newsletter::newsletter_subscriber was processed [] []
[2023-09-13T17:44:44.484664+00:00] main.INFO: Add of item with id Magento_Newsletter::newsletter_problem was processed [] []
[2023-09-13T17:44:44.484865+00:00] main.INFO: Add of item with id Magento_SalesRule::promo_quote was processed [] []
[2023-09-13T17:44:44.485052+00:00] main.INFO: Add of item with id Magento_Sitemap::catalog_sitemap was processed [] []
[2023-09-13T17:44:44.485235+00:00] main.INFO: Add of item with id Magento_PageBuilder::templates was processed [] []
[2023-09-13T17:44:44.485419+00:00] main.INFO: Add of item with id Magento_Paypal::report_salesroot_paypal_settlement_reports was processed [] []
[2023-09-13T17:44:44.485605+00:00] main.INFO: Add of item with id Magento_Paypal::paypal_billing_agreement was processed [] []
[2023-09-13T17:44:44.485788+00:00] main.INFO: Add of item with id Magento_Review::catalog_reviews_ratings_ratings was processed [] []
[2023-09-13T17:44:44.486004+00:00] main.INFO: Add of item with id Magento_Review::catalog_reviews_ratings_pending was processed [] []
[2023-09-13T17:44:44.486194+00:00] main.INFO: Add of item with id Magento_Review::catalog_reviews_ratings_reviews_all was processed [] []
[2023-09-13T17:44:44.486378+00:00] main.INFO: Add of item with id Magento_Review::report_review was processed [] []
[2023-09-13T17:44:44.486570+00:00] main.INFO: Add of item with id Magento_Review::report_review_customer was processed [] []
[2023-09-13T17:44:44.486757+00:00] main.INFO: Add of item with id Magento_Review::report_review_product was processed [] []
[2023-09-13T17:44:44.486941+00:00] main.INFO: Add of item with id Magento_CheckoutAgreements::sales_checkoutagreement was processed [] []
[2023-09-13T17:44:44.487126+00:00] main.INFO: Add of item with id Magento_TaxImportExport::system_convert_tax was processed [] []
[2023-09-13T17:44:44.487308+00:00] main.INFO: Add of item with id Magento_AsynchronousOperations::system_magento_logging was processed [] []
[2023-09-13T17:44:44.487500+00:00] main.INFO: Add of item with id Magento_AsynchronousOperations::system_magento_logging_bulk_operations was processed [] []
[2023-09-13T17:44:44.487696+00:00] main.INFO: Add of item with id Magento_CurrencySymbol::system_currency was processed [] []
[2023-09-13T17:44:44.487889+00:00] main.INFO: Add of item with id Magento_CurrencySymbol::system_currency_rates was processed [] []
[2023-09-13T17:44:44.488077+00:00] main.INFO: Add of item with id Magento_CurrencySymbol::system_currency_symbols was processed [] []
[2023-09-13T17:44:44.488261+00:00] main.INFO: Add of item with id PayPal_Braintree::settlement_report was processed [] []
[2023-09-13T17:44:44.488447+00:00] main.INFO: Add of item with id PayPal_Braintree::virtual_terminal was processed [] []
[2023-09-13T17:45:51.027769+00:00] main.WARNING: Memory size allocated for the temporary table is more than 20% of innodb_buffer_pool_size. Please update innodb_buffer_pool_size or decrease batch size value (which decreases memory usages for the temporary table). Current batch size: 100000; Allocated memory size: 50000000 bytes; InnoDB buffer pool size: 134217728 bytes. [] []
[2023-09-13T17:45:51.082168+00:00] main.WARNING: Memory size allocated for the temporary table is more than 20% of innodb_buffer_pool_size. Please update innodb_buffer_pool_size or decrease batch size value (which decreases memory usages for the temporary table). Current batch size: 100000; Allocated memory size: 50000000 bytes; InnoDB buffer pool size: 134217728 bytes. [] []
[2023-09-13T17:45:51.132117+00:00] main.WARNING: Memory size allocated for the temporary table is more than 20% of innodb_buffer_pool_size. Please update innodb_buffer_pool_size or decrease batch size value (which decreases memory usages for the temporary table). Current batch size: 100000; Allocated memory size: 50000000 bytes; InnoDB buffer pool size: 134217728 bytes. [] []
[2023-09-13T17:45:55.174915+00:00] main.WARNING: Memory size allocated for the temporary table is more than 20% of innodb_buffer_pool_size. Please update innodb_buffer_pool_size or decrease batch size value (which decreases memory usages for the temporary table). Current batch size: 3334; Allocated memory size: 40008000 bytes; InnoDB buffer pool size: 134217728 bytes. [] []
[2023-09-13T17:46:12.351982+00:00] main.WARNING: Memory size allocated for the temporary table is more than 20% of innodb_buffer_pool_size. Please update innodb_buffer_pool_size or decrease batch size value (which decreases memory usages for the temporary table). Current batch size: 100000; Allocated memory size: 50000000 bytes; InnoDB buffer pool size: 134217728 bytes. [] []
[2023-09-13T17:46:12.416104+00:00] main.WARNING: Memory size allocated for the temporary table is more than 20% of innodb_buffer_pool_size. Please update innodb_buffer_pool_size or decrease batch size value (which decreases memory usages for the temporary table). Current batch size: 100000; Allocated memory size: 50000000 bytes; InnoDB buffer pool size: 134217728 bytes. [] []
[2023-09-13T17:46:12.468773+00:00] main.WARNING: Memory size allocated for the temporary table is more than 20% of innodb_buffer_pool_size. Please update innodb_buffer_pool_size or decrease batch size value (which decreases memory usages for the temporary table). Current batch size: 100000; Allocated memory size: 50000000 bytes; InnoDB buffer pool size: 134217728 bytes. [] []
[2023-09-13T17:46:12.795588+00:00] main.WARNING: Memory size allocated for the temporary table is more than 20% of innodb_buffer_pool_size. Please update innodb_buffer_pool_size or decrease batch size value (which decreases memory usages for the temporary table). Current batch size: 100000; Allocated memory size: 50000000 bytes; InnoDB buffer pool size: 134217728 bytes. [] []
[2023-09-13T17:46:12.850654+00:00] main.WARNING: Memory size allocated for the temporary table is more than 20% of innodb_buffer_pool_size. Please update innodb_buffer_pool_size or decrease batch size value (which decreases memory usages for the temporary table). Current batch size: 100000; Allocated memory size: 50000000 bytes; InnoDB buffer pool size: 134217728 bytes. [] []
[2023-09-13T17:46:12.903673+00:00] main.WARNING: Memory size allocated for the temporary table is more than 20% of innodb_buffer_pool_size. Please update innodb_buffer_pool_size or decrease batch size value (which decreases memory usages for the temporary table). Current batch size: 100000; Allocated memory size: 50000000 bytes; InnoDB buffer pool size: 134217728 bytes. [] []
[2023-09-13T17:46:22.568851+00:00] main.WARNING: Memory size allocated for the temporary table is more than 20% of innodb_buffer_pool_size. Please update innodb_buffer_pool_size or decrease batch size value (which decreases memory usages for the temporary table). Current batch size: 3334; Allocated memory size: 40008000 bytes; InnoDB buffer pool size: 134217728 bytes. [] []
[2023-09-13T17:50:07.303284+00:00] main.WARNING: Memory size allocated for the temporary table is more than 20% of innodb_buffer_pool_size. Please update innodb_buffer_pool_size or decrease batch size value (which decreases memory usages for the temporary table). Current batch size: 100000; Allocated memory size: 50000000 bytes; InnoDB buffer pool size: 134217728 bytes. [] []
[2023-09-13T17:50:07.349101+00:00] main.WARNING: Memory size allocated for the temporary table is more than 20% of innodb_buffer_pool_size. Please update innodb_buffer_pool_size or decrease batch size value (which decreases memory usages for the temporary table). Current batch size: 100000; Allocated memory size: 50000000 bytes; InnoDB buffer pool size: 134217728 bytes. [] []
[2023-09-13T17:50:07.398531+00:00] main.WARNING: Memory size allocated for the temporary table is more than 20% of innodb_buffer_pool_size. Please update innodb_buffer_pool_size or decrease batch size value (which decreases memory usages for the temporary table). Current batch size: 100000; Allocated memory size: 50000000 bytes; InnoDB buffer pool size: 134217728 bytes. [] []
[2023-09-13T17:50:11.281551+00:00] main.WARNING: Memory size allocated for the temporary table is more than 20% of innodb_buffer_pool_size. Please update innodb_buffer_pool_size or decrease batch size value (which decreases memory usages for the temporary table). Current batch size: 3334; Allocated memory size: 40008000 bytes; InnoDB buffer pool size: 134217728 bytes. [] []
[2023-09-15T16:18:42.115684+00:00] main.ERROR: Command "cache:clear" is not defined.

Did you mean one of these?
    cache:clean
    cache:disable
    cache:enable
    cache:flush
    cache:status
#0 /home/anandhu/Documents/Magento/magento2/vendor/symfony/console/Application.php(259): Symfony\Component\Console\Application->find()
#1 /home/anandhu/Documents/Magento/magento2/vendor/magento/framework/Console/Cli.php(116): Symfony\Component\Console\Application->doRun()
#2 /home/anandhu/Documents/Magento/magento2/vendor/symfony/console/Application.php(171): Magento\Framework\Console\Cli->doRun()
#3 /home/anandhu/Documents/Magento/magento2/bin/magento(23): Symfony\Component\Console\Application->run()
#4 {main} [] []
[2023-09-15T16:19:14.000514+00:00] main.WARNING: Memory size allocated for the temporary table is more than 20% of innodb_buffer_pool_size. Please update innodb_buffer_pool_size or decrease batch size value (which decreases memory usages for the temporary table). Current batch size: 100000; Allocated memory size: 50000000 bytes; InnoDB buffer pool size: 134217728 bytes. [] []
[2023-09-15T16:19:14.050868+00:00] main.WARNING: Memory size allocated for the temporary table is more than 20% of innodb_buffer_pool_size. Please update innodb_buffer_pool_size or decrease batch size value (which decreases memory usages for the temporary table). Current batch size: 100000; Allocated memory size: 50000000 bytes; InnoDB buffer pool size: 134217728 bytes. [] []
[2023-09-15T16:19:14.116115+00:00] main.WARNING: Memory size allocated for the temporary table is more than 20% of innodb_buffer_pool_size. Please update innodb_buffer_pool_size or decrease batch size value (which decreases memory usages for the temporary table). Current batch size: 100000; Allocated memory size: 50000000 bytes; InnoDB buffer pool size: 134217728 bytes. [] []
[2023-09-15T16:19:14.473270+00:00] main.WARNING: Memory size allocated for the temporary table is more than 20% of innodb_buffer_pool_size. Please update innodb_buffer_pool_size or decrease batch size value (which decreases memory usages for the temporary table). Current batch size: 100000; Allocated memory size: 50000000 bytes; InnoDB buffer pool size: 134217728 bytes. [] []
[2023-09-15T16:19:14.536155+00:00] main.WARNING: Memory size allocated for the temporary table is more than 20% of innodb_buffer_pool_size. Please update innodb_buffer_pool_size or decrease batch size value (which decreases memory usages for the temporary table). Current batch size: 100000; Allocated memory size: 50000000 bytes; InnoDB buffer pool size: 134217728 bytes. [] []
[2023-09-15T16:19:14.591130+00:00] main.WARNING: Memory size allocated for the temporary table is more than 20% of innodb_buffer_pool_size. Please update innodb_buffer_pool_size or decrease batch size value (which decreases memory usages for the temporary table). Current batch size: 100000; Allocated memory size: 50000000 bytes; InnoDB buffer pool size: 134217728 bytes. [] []
[2023-09-15T16:19:19.488756+00:00] main.WARNING: Memory size allocated for the temporary table is more than 20% of innodb_buffer_pool_size. Please update innodb_buffer_pool_size or decrease batch size value (which decreases memory usages for the temporary table). Current batch size: 3334; Allocated memory size: 40008000 bytes; InnoDB buffer pool size: 134217728 bytes. [] []
[2023-09-16T08:14:29.421910+00:00] main.WARNING: Memory size allocated for the temporary table is more than 20% of innodb_buffer_pool_size. Please update innodb_buffer_pool_size or decrease batch size value (which decreases memory usages for the temporary table). Current batch size: 100000; Allocated memory size: 50000000 bytes; InnoDB buffer pool size: 134217728 bytes. [] []
[2023-09-16T08:14:29.478056+00:00] main.WARNING: Memory size allocated for the temporary table is more than 20% of innodb_buffer_pool_size. Please update innodb_buffer_pool_size or decrease batch size value (which decreases memory usages for the temporary table). Current batch size: 100000; Allocated memory size: 50000000 bytes; InnoDB buffer pool size: 134217728 bytes. [] []
[2023-09-16T08:14:29.536327+00:00] main.WARNING: Memory size allocated for the temporary table is more than 20% of innodb_buffer_pool_size. Please update innodb_buffer_pool_size or decrease batch size value (which decreases memory usages for the temporary table). Current batch size: 100000; Allocated memory size: 50000000 bytes; InnoDB buffer pool size: 134217728 bytes. [] []
[2023-09-16T08:14:29.839686+00:00] main.WARNING: Memory size allocated for the temporary table is more than 20% of innodb_buffer_pool_size. Please update innodb_buffer_pool_size or decrease batch size value (which decreases memory usages for the temporary table). Current batch size: 100000; Allocated memory size: 50000000 bytes; InnoDB buffer pool size: 134217728 bytes. [] []
[2023-09-16T08:14:29.891019+00:00] main.WARNING: Memory size allocated for the temporary table is more than 20% of innodb_buffer_pool_size. Please update innodb_buffer_pool_size or decrease batch size value (which decreases memory usages for the temporary table). Current batch size: 100000; Allocated memory size: 50000000 bytes; InnoDB buffer pool size: 134217728 bytes. [] []
[2023-09-16T08:14:29.952618+00:00] main.WARNING: Memory size allocated for the temporary table is more than 20% of innodb_buffer_pool_size. Please update innodb_buffer_pool_size or decrease batch size value (which decreases memory usages for the temporary table). Current batch size: 100000; Allocated memory size: 50000000 bytes; InnoDB buffer pool size: 134217728 bytes. [] []
[2023-09-16T08:14:35.453082+00:00] main.WARNING: Memory size allocated for the temporary table is more than 20% of innodb_buffer_pool_size. Please update innodb_buffer_pool_size or decrease batch size value (which decreases memory usages for the temporary table). Current batch size: 3334; Allocated memory size: 40008000 bytes; InnoDB buffer pool size: 134217728 bytes. [] []
[2023-09-17T08:56:37.397113+00:00] main.INFO: Item Magento_Backend::system_currency was removed [] []
[2023-09-17T08:56:37.402437+00:00] main.INFO: Add of item with id Magento_Config::system_config was processed [] []
[2023-09-17T08:56:37.402711+00:00] main.INFO: Add of item with id Magento_AdminNotification::system_adminnotification was processed [] []
[2023-09-17T08:56:37.402900+00:00] main.INFO: Add of item with id Magento_Theme::design_config was processed [] []
[2023-09-17T08:56:37.403092+00:00] main.INFO: Add of item with id Magento_Theme::system_design_theme was processed [] []
[2023-09-17T08:56:37.403264+00:00] main.INFO: Add of item with id Magento_Backend::system_design_schedule was processed [] []
[2023-09-17T08:56:37.403440+00:00] main.INFO: Add of item with id Magento_Backend::system_store was processed [] []
[2023-09-17T08:56:37.403612+00:00] main.INFO: Add of item with id Magento_Backend::dashboard was processed [] []
[2023-09-17T08:56:37.403780+00:00] main.INFO: Add of item with id Magento_Backend::system was processed [] []
[2023-09-17T08:56:37.403956+00:00] main.INFO: Add of item with id Magento_Backend::system_tools was processed [] []
[2023-09-17T08:56:37.404136+00:00] main.INFO: Add of item with id Magento_Backend::system_design was processed [] []
[2023-09-17T08:56:37.404308+00:00] main.INFO: Add of item with id Magento_Backend::system_convert was processed [] []
[2023-09-17T08:56:37.404483+00:00] main.INFO: Add of item with id Magento_Backend::system_cache was processed [] []
[2023-09-17T08:56:37.404652+00:00] main.INFO: Add of item with id Magento_Backend::marketing was processed [] []
[2023-09-17T08:56:37.404827+00:00] main.INFO: Add of item with id Magento_Backend::marketing_communications was processed [] []
[2023-09-17T08:56:37.404998+00:00] main.INFO: Add of item with id Magento_Backend::marketing_seo was processed [] []
[2023-09-17T08:56:37.405206+00:00] main.INFO: Add of item with id Magento_Backend::marketing_user_content was processed [] []
[2023-09-17T08:56:37.405380+00:00] main.INFO: Add of item with id Magento_Backend::content was processed [] []
[2023-09-17T08:56:37.405570+00:00] main.INFO: Add of item with id Magento_Backend::content_elements was processed [] []
[2023-09-17T08:56:37.405811+00:00] main.INFO: Add of item with id Magento_Backend::stores was processed [] []
[2023-09-17T08:56:37.406224+00:00] main.INFO: Add of item with id Magento_Backend::stores_settings was processed [] []
[2023-09-17T08:56:37.406541+00:00] main.INFO: Add of item with id Magento_Backend::stores_attributes was processed [] []
[2023-09-17T08:56:37.406982+00:00] main.INFO: Add of item with id Magento_Backend::other_settings was processed [] []
[2023-09-17T08:56:37.407155+00:00] main.INFO: Add of item with id Magento_Backend::system_other_settings was processed [] []
[2023-09-17T08:56:37.407332+00:00] main.INFO: Add of item with id Magento_User::system_acl was processed [] []
[2023-09-17T08:56:37.407517+00:00] main.INFO: Add of item with id Magento_User::system_acl_users was processed [] []
[2023-09-17T08:56:37.407691+00:00] main.INFO: Add of item with id Magento_User::system_acl_roles was processed [] []
[2023-09-17T08:56:37.407864+00:00] main.INFO: Add of item with id Magento_User::system_acl_locks was processed [] []
[2023-09-17T08:56:37.408034+00:00] main.INFO: Add of item with id Magento_Customer::customer was processed [] []
[2023-09-17T08:56:37.408211+00:00] main.INFO: Add of item with id Magento_Customer::customer_manage was processed [] []
[2023-09-17T08:56:37.408383+00:00] main.INFO: Add of item with id Magento_Customer::customer_online was processed [] []
[2023-09-17T08:56:37.408550+00:00] main.INFO: Add of item with id Magento_Customer::customer_group was processed [] []
[2023-09-17T08:56:37.408741+00:00] main.INFO: Add of item with id Magento_Backup::system_tools_backup was processed [] []
[2023-09-17T08:56:37.408908+00:00] main.INFO: Add of item with id Magento_Indexer::system_index was processed [] []
[2023-09-17T08:56:37.409086+00:00] main.INFO: Add of item with id Magento_Variable::system_variable was processed [] []
[2023-09-17T08:56:37.409393+00:00] main.INFO: Add of item with id Magento_Cms::cms_page was processed [] []
[2023-09-17T08:56:37.409590+00:00] main.INFO: Add of item with id Magento_Cms::cms_block was processed [] []
[2023-09-17T08:56:37.409760+00:00] main.INFO: Add of item with id Magento_Catalog::catalog was processed [] []
[2023-09-17T08:56:37.409945+00:00] main.INFO: Add of item with id Magento_Catalog::catalog_products was processed [] []
[2023-09-17T08:56:37.410117+00:00] main.INFO: Add of item with id Magento_Catalog::catalog_categories was processed [] []
[2023-09-17T08:56:37.410294+00:00] main.INFO: Add of item with id Magento_Catalog::catalog_attributes_attributes was processed [] []
[2023-09-17T08:56:37.410466+00:00] main.INFO: Add of item with id Magento_Catalog::catalog_attributes_sets was processed [] []
[2023-09-17T08:56:37.410644+00:00] main.INFO: Add of item with id Magento_Catalog::inventory was processed [] []
[2023-09-17T08:56:37.410824+00:00] main.INFO: Add of item with id Magento_Search::search_terms was processed [] []
[2023-09-17T08:56:37.411015+00:00] main.INFO: Add of item with id Magento_Search::search_synonyms was processed [] []
[2023-09-17T08:56:37.411200+00:00] main.INFO: Add of item with id Magento_CatalogRule::promo was processed [] []
[2023-09-17T08:56:37.411378+00:00] main.INFO: Add of item with id Magento_CatalogRule::promo_catalog was processed [] []
[2023-09-17T08:56:37.411550+00:00] main.INFO: Add of item with id Magento_Sales::sales was processed [] []
[2023-09-17T08:56:37.411726+00:00] main.INFO: Add of item with id Magento_Sales::sales_operation was processed [] []
[2023-09-17T08:56:37.411942+00:00] main.INFO: Add of item with id Magento_Sales::sales_order was processed [] []
[2023-09-17T08:56:37.412169+00:00] main.INFO: Add of item with id Magento_Sales::sales_invoice was processed [] []
[2023-09-17T08:56:37.412446+00:00] main.INFO: Add of item with id Magento_Sales::sales_shipment was processed [] []
[2023-09-17T08:56:37.412650+00:00] main.INFO: Add of item with id Magento_Sales::sales_creditmemo was processed [] []
[2023-09-17T08:56:37.412820+00:00] main.INFO: Add of item with id Magento_Sales::sales_transactions was processed [] []
[2023-09-17T08:56:37.413046+00:00] main.INFO: Add of item with id Magento_Sales::system_order_statuses was processed [] []
[2023-09-17T08:56:37.413285+00:00] main.INFO: Add of item with id Magento_MediaGalleryUi::media was processed [] []
[2023-09-17T08:56:37.413470+00:00] main.INFO: Add of item with id Magento_MediaGalleryUi::media_gallery was processed [] []
[2023-09-17T08:56:37.413650+00:00] main.INFO: Add of item with id Magento_Downloadable::report_products_downloads was processed [] []
[2023-09-17T08:56:37.413829+00:00] main.INFO: Add of item with id Magento_Integration::system_extensions was processed [] []
[2023-09-17T08:56:37.414011+00:00] main.INFO: Add of item with id Magento_Integration::system_integrations was processed [] []
[2023-09-17T08:56:37.414191+00:00] main.INFO: Add of item with id Magento_UrlRewrite::urlrewrite was processed [] []
[2023-09-17T08:56:37.414358+00:00] main.INFO: Add of item with id Magento_Tax::sales_tax was processed [] []
[2023-09-17T08:56:37.414536+00:00] main.INFO: Add of item with id Magento_Tax::sales_tax_rules was processed [] []
[2023-09-17T08:56:37.414707+00:00] main.INFO: Add of item with id Magento_Tax::sales_tax_rates was processed [] []
[2023-09-17T08:56:37.414875+00:00] main.INFO: Add of item with id Magento_Widget::cms_widget_instance was processed [] []
[2023-09-17T08:56:37.415054+00:00] main.INFO: Add of item with id Magento_Analytics::business_intelligence was processed [] []
[2023-09-17T08:56:37.415232+00:00] main.INFO: Add of item with id Magento_Analytics::advanced_reporting was processed [] []
[2023-09-17T08:56:37.415402+00:00] main.INFO: Add of item with id Magento_Analytics::bi_essentials was processed [] []
[2023-09-17T08:56:37.415576+00:00] main.INFO: Add of item with id Magento_ImportExport::system_convert_import was processed [] []
[2023-09-17T08:56:37.415747+00:00] main.INFO: Add of item with id Magento_ImportExport::system_convert_export was processed [] []
[2023-09-17T08:56:37.415915+00:00] main.INFO: Add of item with id Magento_ImportExport::system_convert_history was processed [] []
[2023-09-17T08:56:37.416100+00:00] main.INFO: Add of item with id Magento_Email::template was processed [] []
[2023-09-17T08:56:37.416273+00:00] main.INFO: Add of item with id Magento_EncryptionKey::system_crypt_key was processed [] []
[2023-09-17T08:56:37.416442+00:00] main.INFO: Add of item with id Magento_InventoryAdminUi::inventory was processed [] []
[2023-09-17T08:56:37.416617+00:00] main.INFO: Add of item with id Magento_InventoryAdminUi::source was processed [] []
[2023-09-17T08:56:37.416787+00:00] main.INFO: Add of item with id Magento_InventoryAdminUi::stock was processed [] []
[2023-09-17T08:56:37.416955+00:00] main.INFO: Add of item with id Magento_Reports::report was processed [] []
[2023-09-17T08:56:37.417148+00:00] main.INFO: Add of item with id Magento_Reports::report_marketing was processed [] []
[2023-09-17T08:56:37.417350+00:00] main.INFO: Add of item with id Magento_Reports::report_salesroot was processed [] []
[2023-09-17T08:56:37.417573+00:00] main.INFO: Add of item with id Magento_Reports::report_salesroot_sales was processed [] []
[2023-09-17T08:56:37.417750+00:00] main.INFO: Add of item with id Magento_Reports::report_salesroot_tax was processed [] []
[2023-09-17T08:56:37.417918+00:00] main.INFO: Add of item with id Magento_Reports::report_salesroot_invoiced was processed [] []
[2023-09-17T08:56:37.418130+00:00] main.INFO: Add of item with id Magento_Reports::report_salesroot_shipping was processed [] []
[2023-09-17T08:56:37.418303+00:00] main.INFO: Add of item with id Magento_Reports::report_salesroot_refunded was processed [] []
[2023-09-17T08:56:37.418471+00:00] main.INFO: Add of item with id Magento_Reports::report_salesroot_coupons was processed [] []
[2023-09-17T08:56:37.418647+00:00] main.INFO: Add of item with id Magento_Reports::report_shopcart_product was processed [] []
[2023-09-17T08:56:37.418819+00:00] main.INFO: Add of item with id Magento_Reports::report_shopcart_abandoned was processed [] []
[2023-09-17T08:56:37.418989+00:00] main.INFO: Add of item with id Magento_Reports::report_products was processed [] []
[2023-09-17T08:56:37.419161+00:00] main.INFO: Add of item with id Magento_Reports::report_products_bestsellers was processed [] []
[2023-09-17T08:56:37.419331+00:00] main.INFO: Add of item with id Magento_Reports::report_products_sold was processed [] []
[2023-09-17T08:56:37.419498+00:00] main.INFO: Add of item with id Magento_Reports::report_products_viewed was processed [] []
[2023-09-17T08:56:37.419665+00:00] main.INFO: Add of item with id Magento_Reports::report_products_lowstock was processed [] []
[2023-09-17T08:56:37.419837+00:00] main.INFO: Add of item with id Magento_Reports::report_customers was processed [] []
[2023-09-17T08:56:37.420011+00:00] main.INFO: Add of item with id Magento_Reports::report_customers_accounts was processed [] []
[2023-09-17T08:56:37.420185+00:00] main.INFO: Add of item with id Magento_Reports::report_customers_totals was processed [] []
[2023-09-17T08:56:37.420356+00:00] main.INFO: Add of item with id Magento_Reports::report_customers_orders was processed [] []
[2023-09-17T08:56:37.420524+00:00] main.INFO: Add of item with id Magento_Reports::report_statistics was processed [] []
[2023-09-17T08:56:37.420699+00:00] main.INFO: Add of item with id Magento_Reports::report_statistics_refresh was processed [] []
[2023-09-17T08:56:37.420869+00:00] main.INFO: Add of item with id Magento_Search::report_search_term was processed [] []
[2023-09-17T08:56:37.421046+00:00] main.INFO: Add of item with id Magento_LoginAsCustomerLog::login_log was processed [] []
[2023-09-17T08:56:37.421220+00:00] main.INFO: Add of item with id Magento_Marketplace::partners was processed [] []
[2023-09-17T08:56:37.421389+00:00] main.INFO: Add of item with id Magento_Newsletter::newsletter_template was processed [] []
[2023-09-17T08:56:37.421556+00:00] main.INFO: Add of item with id Magento_Newsletter::newsletter_queue was processed [] []
[2023-09-17T08:56:37.421723+00:00] main.INFO: Add of item with id Magento_Newsletter::newsletter_subscriber was processed [] []
[2023-09-17T08:56:37.421888+00:00] main.INFO: Add of item with id Magento_Newsletter::newsletter_problem was processed [] []
[2023-09-17T08:56:37.422055+00:00] main.INFO: Add of item with id Magento_SalesRule::promo_quote was processed [] []
[2023-09-17T08:56:37.422221+00:00] main.INFO: Add of item with id Magento_Sitemap::catalog_sitemap was processed [] []
[2023-09-17T08:56:37.422390+00:00] main.INFO: Add of item with id Magento_PageBuilder::templates was processed [] []
[2023-09-17T08:56:37.422557+00:00] main.INFO: Add of item with id Magento_Paypal::report_salesroot_paypal_settlement_reports was processed [] []
[2023-09-17T08:56:37.422726+00:00] main.INFO: Add of item with id Magento_Paypal::paypal_billing_agreement was processed [] []
[2023-09-17T08:56:37.422893+00:00] main.INFO: Add of item with id Magento_Review::catalog_reviews_ratings_ratings was processed [] []
[2023-09-17T08:56:37.423067+00:00] main.INFO: Add of item with id Magento_Review::catalog_reviews_ratings_pending was processed [] []
[2023-09-17T08:56:37.423237+00:00] main.INFO: Add of item with id Magento_Review::catalog_reviews_ratings_reviews_all was processed [] []
[2023-09-17T08:56:37.423412+00:00] main.INFO: Add of item with id Magento_Review::report_review was processed [] []
[2023-09-17T08:56:37.423587+00:00] main.INFO: Add of item with id Magento_Review::report_review_customer was processed [] []
[2023-09-17T08:56:37.423760+00:00] main.INFO: Add of item with id Magento_Review::report_review_product was processed [] []
[2023-09-17T08:56:37.423928+00:00] main.INFO: Add of item with id Magento_CheckoutAgreements::sales_checkoutagreement was processed [] []
[2023-09-17T08:56:37.424096+00:00] main.INFO: Add of item with id Magento_TaxImportExport::system_convert_tax was processed [] []
[2023-09-17T08:56:37.424269+00:00] main.INFO: Add of item with id Magento_AsynchronousOperations::system_magento_logging was processed [] []
[2023-09-17T08:56:37.424444+00:00] main.INFO: Add of item with id Magento_AsynchronousOperations::system_magento_logging_bulk_operations was processed [] []
[2023-09-17T08:56:37.424614+00:00] main.INFO: Add of item with id Magento_CurrencySymbol::system_currency was processed [] []
[2023-09-17T08:56:37.424789+00:00] main.INFO: Add of item with id Magento_CurrencySymbol::system_currency_rates was processed [] []
[2023-09-17T08:56:37.424959+00:00] main.INFO: Add of item with id Magento_CurrencySymbol::system_currency_symbols was processed [] []
[2023-09-17T08:56:37.425193+00:00] main.INFO: Add of item with id PayPal_Braintree::settlement_report was processed [] []
[2023-09-17T08:56:37.425419+00:00] main.INFO: Add of item with id PayPal_Braintree::virtual_terminal was processed [] []
